This file contains any messages produced by compilers while
running configure, to aid debugging if configure makes a mistake.

It was created by Alpha snake configure jalon3, which was
generated by GNU Autoconf 2.69.  Invocation command line was

  $ ./configure 

## --------- ##
## Platform. ##
## --------- ##

hostname = constantin
uname -m = x86_64
uname -r = 3.13.0-85-generic
uname -s = Linux
uname -v = #129-Ubuntu SMP Thu Mar 17 20:50:15 UTC 2016

/usr/bin/uname -p = unknown
/bin/uname -X     = unknown

/bin/arch              = unknown
/usr/bin/arch -k       = unknown
/usr/convex/getsysinfo = unknown
/usr/bin/hostinfo      = unknown
/bin/machine           = unknown
/usr/bin/oslevel       = unknown
/bin/universe          = unknown

PATH: /home/constantin/.rbenv/shims
PATH: /home/constantin/.rbenv/bin
PATH: /usr/local/sbin
PATH: /usr/local/bin
PATH: /usr/sbin
PATH: /usr/bin
PATH: /sbin
PATH: /bin
PATH: /usr/games
PATH: /usr/local/games


## ----------- ##
## Core tests. ##
## ----------- ##

configure:1797: checking for gcc
configure:1813: found /usr/bin/gcc
configure:1824: result: gcc
configure:2053: checking for C compiler version
configure:2062: gcc --version >&5
gcc (Ubuntu 4.8.4-2ubuntu1~14.04.1) 4.8.4
Copyright (C) 2013 Free Software Foundation, Inc.
This is free software; see the source for copying conditions.  There is NO
warranty; not even for MERCHANTABILITY or FITNESS FOR A PARTICULAR PURPOSE.

configure:2073: $? = 0
configure:2062: gcc -v >&5
Using built-in specs.
COLLECT_GCC=gcc
COLLECT_LTO_WRAPPER=/usr/lib/gcc/x86_64-linux-gnu/4.8/lto-wrapper
Target: x86_64-linux-gnu
Configured with: ../src/configure -v --with-pkgversion='Ubuntu 4.8.4-2ubuntu1~14.04.1' --with-bugurl=file:///usr/share/doc/gcc-4.8/README.Bugs --enable-languages=c,c++,java,go,d,fortran,objc,obj-c++ --prefix=/usr --program-suffix=-4.8 --enable-shared --enable-linker-build-id --libexecdir=/usr/lib --without-included-gettext --enable-threads=posix --with-gxx-include-dir=/usr/include/c++/4.8 --libdir=/usr/lib --enable-nls --with-sysroot=/ --enable-clocale=gnu --enable-libstdcxx-debug --enable-libstdcxx-time=yes --enable-gnu-unique-object --disable-libmudflap --enable-plugin --with-system-zlib --disable-browser-plugin --enable-java-awt=gtk --enable-gtk-cairo --with-java-home=/usr/lib/jvm/java-1.5.0-gcj-4.8-amd64/jre --enable-java-home --with-jvm-root-dir=/usr/lib/jvm/java-1.5.0-gcj-4.8-amd64 --with-jvm-jar-dir=/usr/lib/jvm-exports/java-1.5.0-gcj-4.8-amd64 --with-arch-directory=amd64 --with-ecj-jar=/usr/share/java/eclipse-ecj.jar --enable-objc-gc --enable-multiarch --disable-werror --with-arch-32=i686 --with-abi=m64 --with-multilib-list=m32,m64,mx32 --with-tune=generic --enable-checking=release --build=x86_64-linux-gnu --host=x86_64-linux-gnu --target=x86_64-linux-gnu
Thread model: posix
gcc version 4.8.4 (Ubuntu 4.8.4-2ubuntu1~14.04.1) 
configure:2073: $? = 0
configure:2062: gcc -V >&5
gcc: error: unrecognized command line option '-V'
gcc: fatal error: no input files
compilation terminated.
configure:2073: $? = 4
configure:2062: gcc -qversion >&5
gcc: error: unrecognized command line option '-qversion'
gcc: fatal error: no input files
compilation terminated.
configure:2073: $? = 4
configure:2093: checking whether the C compiler works
configure:2115: gcc    conftest.c  >&5
configure:2119: $? = 0
configure:2167: result: yes
configure:2170: checking for C compiler default output file name
configure:2172: result: a.out
configure:2178: checking for suffix of executables
configure:2185: gcc -o conftest    conftest.c  >&5
configure:2189: $? = 0
configure:2211: result: 
configure:2233: checking whether we are cross compiling
configure:2241: gcc -o conftest    conftest.c  >&5
configure:2245: $? = 0
configure:2252: ./conftest
configure:2256: $? = 0
configure:2271: result: no
configure:2276: checking for suffix of object files
configure:2298: gcc -c   conftest.c >&5
configure:2302: $? = 0
configure:2323: result: o
configure:2327: checking whether we are using the GNU C compiler
configure:2346: gcc -c   conftest.c >&5
configure:2346: $? = 0
configure:2355: result: yes
configure:2364: checking whether gcc accepts -g
configure:2384: gcc -c -g  conftest.c >&5
configure:2384: $? = 0
configure:2425: result: yes
configure:2442: checking for gcc option to accept ISO C89
configure:2505: gcc  -c -g -O2  conftest.c >&5
configure:2505: $? = 0
configure:2518: result: none needed
configure:2593: checking for pkg-config
configure:2611: found /usr/bin/pkg-config
configure:2623: result: /usr/bin/pkg-config
configure:2648: checking pkg-config is at least version 0.9.0
configure:2651: result: yes
configure:2662: checking for CLUTTER
configure:2669: $PKG_CONFIG --exists --print-errors "clutter-1.0 >= 1.0"
configure:2672: $? = 0
configure:2686: $PKG_CONFIG --exists --print-errors "clutter-1.0 >= 1.0"
configure:2689: $? = 0
configure:2747: result: yes
configure:2905: creating ./config.status

## ---------------------- ##
## Running config.status. ##
## ---------------------- ##

This file was extended by Alpha snake config.status jalon3, which was
generated by GNU Autoconf 2.69.  Invocation command line was

  CONFIG_FILES    = 
  CONFIG_HEADERS  = 
  CONFIG_LINKS    = 
  CONFIG_COMMANDS = 
  $ ./config.status 

on constantin

config.status:728: creating Makefile

## ---------------- ##
## Cache variables. ##
## ---------------- ##

ac_cv_c_compiler_gnu=yes
ac_cv_env_CC_set=
ac_cv_env_CC_value=
ac_cv_env_CFLAGS_set=
ac_cv_env_CFLAGS_value=
ac_cv_env_CLUTTER_CFLAGS_set=
ac_cv_env_CLUTTER_CFLAGS_value=
ac_cv_env_CLUTTER_LIBS_set=
ac_cv_env_CLUTTER_LIBS_value=
ac_cv_env_CPPFLAGS_set=
ac_cv_env_CPPFLAGS_value=
ac_cv_env_LDFLAGS_set=
ac_cv_env_LDFLAGS_value=
ac_cv_env_LIBS_set=
ac_cv_env_LIBS_value=
ac_cv_env_PKG_CONFIG_LIBDIR_set=
ac_cv_env_PKG_CONFIG_LIBDIR_value=
ac_cv_env_PKG_CONFIG_PATH_set=
ac_cv_env_PKG_CONFIG_PATH_value=
ac_cv_env_PKG_CONFIG_set=
ac_cv_env_PKG_CONFIG_value=
ac_cv_env_build_alias_set=
ac_cv_env_build_alias_value=
ac_cv_env_host_alias_set=
ac_cv_env_host_alias_value=
ac_cv_env_target_alias_set=
ac_cv_env_target_alias_value=
ac_cv_objext=o
ac_cv_path_ac_pt_PKG_CONFIG=/usr/bin/pkg-config
ac_cv_prog_ac_ct_CC=gcc
ac_cv_prog_cc_c89=
ac_cv_prog_cc_g=yes
pkg_cv_CLUTTER_CFLAGS='-pthread -I/usr/include/clutter-1.0 -I/usr/include/pango-1.0 -I/usr/include/cogl -I/usr/include/cairo -I/usr/include/atk-1.0 -I/usr/include/json-glib-1.0 -I/usr/include/gtk-3.0 -I/usr/include/harfbuzz -I/usr/include/freetype2 -I/usr/include/glib-2.0 -I/usr/lib/x86_64-linux-gnu/glib-2.0/include -I/usr/include/gdk-pixbuf-2.0 -I/usr/include/libdrm -I/usr/include/libpng12 -I/usr/include/pixman-1 -I/usr/include/gio-unix-2.0/  '
pkg_cv_CLUTTER_LIBS='-pthread -lclutter-1.0 -latk-1.0 -lcogl-pango -ljson-glib-1.0 -lgdk-3 -lXi -lcogl -lgmodule-2.0 -lwayland-egl -lgbm -ldrm -lwayland-server -lEGL -lX11 -lXext -lXdamage -lXcomposite -lXrandr -lwayland-client -lgio-2.0 -lpangocairo-1.0 -lgdk_pixbuf-2.0 -lcairo-gobject -lpango-1.0 -lcairo -lgobject-2.0 -lglib-2.0 -lXfixes  '

## ----------------- ##
## Output variables. ##
## ----------------- ##

CC='gcc'
CFLAGS='-g -O2'
CLUTTER_CFLAGS='-pthread -I/usr/include/clutter-1.0 -I/usr/include/pango-1.0 -I/usr/include/cogl -I/usr/include/cairo -I/usr/include/atk-1.0 -I/usr/include/json-glib-1.0 -I/usr/include/gtk-3.0 -I/usr/include/harfbuzz -I/usr/include/freetype2 -I/usr/include/glib-2.0 -I/usr/lib/x86_64-linux-gnu/glib-2.0/include -I/usr/include/gdk-pixbuf-2.0 -I/usr/include/libdrm -I/usr/include/libpng12 -I/usr/include/pixman-1 -I/usr/include/gio-unix-2.0/  '
CLUTTER_LIBS='-pthread -lclutter-1.0 -latk-1.0 -lcogl-pango -ljson-glib-1.0 -lgdk-3 -lXi -lcogl -lgmodule-2.0 -lwayland-egl -lgbm -ldrm -lwayland-server -lEGL -lX11 -lXext -lXdamage -lXcomposite -lXrandr -lwayland-client -lgio-2.0 -lpangocairo-1.0 -lgdk_pixbuf-2.0 -lcairo-gobject -lpango-1.0 -lcairo -lgobject-2.0 -lglib-2.0 -lXfixes  '
CPPFLAGS=''
DEFS='-DPACKAGE_NAME=\"Alpha\ snake\" -DPACKAGE_TARNAME=\"alpha-snake\" -DPACKAGE_VERSION=\"jalon3\" -DPACKAGE_STRING=\"Alpha\ snake\ jalon3\" -DPACKAGE_BUGREPORT=\"\" -DPACKAGE_URL=\"\"'
ECHO_C=''
ECHO_N='-n'
ECHO_T=''
EXEEXT=''
LDFLAGS=''
LIBOBJS=''
LIBS=''
LTLIBOBJS=''
OBJEXT='o'
PACKAGE_BUGREPORT=''
PACKAGE_NAME='Alpha snake'
PACKAGE_STRING='Alpha snake jalon3'
PACKAGE_TARNAME='alpha-snake'
PACKAGE_URL=''
PACKAGE_VERSION='jalon3'
PATH_SEPARATOR=':'
PKG_CONFIG='/usr/bin/pkg-config'
PKG_CONFIG_LIBDIR=''
PKG_CONFIG_PATH=''
SHELL='/bin/bash'
ac_ct_CC='gcc'
bindir='${exec_prefix}/bin'
build_alias=''
datadir='${datarootdir}'
datarootdir='${prefix}/share'
docdir='${datarootdir}/doc/${PACKAGE_TARNAME}'
dvidir='${docdir}'
exec_prefix='${prefix}'
host_alias=''
htmldir='${docdir}'
includedir='${prefix}/include'
infodir='${datarootdir}/info'
libdir='${exec_prefix}/lib'
libexecdir='${exec_prefix}/libexec'
localedir='${datarootdir}/locale'
localstatedir='${prefix}/var'
mandir='${datarootdir}/man'
oldincludedir='/usr/include'
pdfdir='${docdir}'
prefix='/usr/local'
program_transform_name='s,x,x,'
psdir='${docdir}'
sbindir='${exec_prefix}/sbin'
sharedstatedir='${prefix}/com'
sysconfdir='${prefix}/etc'
target_alias=''

## ----------- ##
## confdefs.h. ##
## ----------- ##

/* confdefs.h */
#define PACKAGE_NAME "Alpha snake"
#define PACKAGE_TARNAME "alpha-snake"
#define PACKAGE_VERSION "jalon3"
#define PACKAGE_STRING "Alpha snake jalon3"
#define PACKAGE_BUGREPORT ""
#define PACKAGE_URL ""

configure: exit 0
